PRT1
21
31
4 1 3 (2016 1024 3552 ) (1024 1024 3552 ) (1024 1024 0 ) (2016 1024 0 ) 
4 1 2 (1024 1504 0 ) (1024 1024 0 ) (1024 1024 3552 ) (1024 1504 3552 ) 
4 2 5 (0 1024 0 ) (0 1024 3552 ) (0 1504 3552 ) (0 1504 0 ) 
4 2 4 (0 1024 3552 ) (0 1024 0 ) (1024 1024 0 ) (1024 1024 3552 ) 
4 3 11 (2016 0 3552 ) (1024 0 3552 ) (1024 0 0 ) (2016 0 0 ) 
4 3 4 (1024 1024 3552 ) (1024 1024 0 ) (1024 0 0 ) (1024 0 3552 ) 
4 4 12 (1024 0 0 ) (1024 0 3552 ) (0 0 3552 ) (0 0 0 ) 
4 4 7 (0 0 0 ) (0 0 3552 ) (0 1024 3552 ) (0 1024 0 ) 
4 5 7 (0 1024 0 ) (0 1024 3552 ) (-1024 1024 3552 ) (-1024 1024 0 ) 
4 5 6 (-1024 1024 0 ) (-1024 1024 3552 ) (-1024 1504 3552 ) (-1024 1504 0 ) 
4 6 9 (-2048 1024 0 ) (-2048 1024 3552 ) (-2048 1504 3552 ) (-2048 1504 0 ) 
4 6 8 (-2048 1024 3552 ) (-2048 1024 0 ) (-1024 1024 0 ) (-1024 1024 3552 ) 
4 7 15 (0 0 0 ) (0 0 3552 ) (-1024 0 3552 ) (-1024 0 0 ) 
4 7 8 (-1024 1024 3552 ) (-1024 1024 0 ) (-1024 0 0 ) (-1024 0 3552 ) 
4 8 16 (-1024 0 0 ) (-1024 0 3552 ) (-2048 0 3552 ) (-2048 0 0 ) 
4 8 10 (-2048 0 0 ) (-2048 0 3552 ) (-2048 1024 3552 ) (-2048 1024 0 ) 
4 9 10 (-2048 1024 0 ) (-2048 1024 3552 ) (-2528 1024 3552 ) (-2528 1024 0 ) 
4 10 19 (-2048 0 0 ) (-2048 0 3552 ) (-2528 0 3552 ) (-2528 0 0 ) 
4 11 13 (2016 -1024 3552 ) (1024 -1024 3552 ) (1024 -1024 0 ) (2016 -1024 0 ) 
4 11 12 (1024 0 3552 ) (1024 0 0 ) (1024 -1024 0 ) (1024 -1024 3552 ) 
4 12 15 (0 0 3552 ) (0 0 0 ) (0 -1024 0 ) (0 -1024 3552 ) 
4 12 14 (0 -1024 3552 ) (0 -1024 0 ) (1024 -1024 0 ) (1024 -1024 3552 ) 
4 13 14 (1024 -1024 3552 ) (1024 -1024 0 ) (1024 -1504 0 ) (1024 -1504 3552 ) 
4 14 17 (0 -1504 3552 ) (0 -1024 3552 ) (0 -1024 0 ) (0 -1504 0 ) 
4 15 17 (0 -1024 0 ) (0 -1024 3552 ) (-1024 -1024 3552 ) (-1024 -1024 0 ) 
4 15 16 (-1024 0 3552 ) (-1024 0 0 ) (-1024 -1024 0 ) (-1024 -1024 3552 ) 
4 16 19 (-2048 0 3552 ) (-2048 0 0 ) (-2048 -1024 0 ) (-2048 -1024 3552 ) 
4 16 18 (-1024 -1024 0 ) (-1024 -1024 3552 ) (-2048 -1024 3552 ) (-2048 -1024 0 ) 
4 17 18 (-1024 -1504 3552 ) (-1024 -1024 3552 ) (-1024 -1024 0 ) (-1024 -1504 0 ) 
4 18 20 (-2048 -1504 3552 ) (-2048 -1024 3552 ) (-2048 -1024 0 ) (-2048 -1504 0 ) 
4 19 20 (-2048 -1024 0 ) (-2048 -1024 3552 ) (-2528 -1024 3552 ) (-2528 -1024 0 ) 
